<?xml version="1.0" encoding="UTF-8"?>
<testng-results skipped="0" failed="0" ignored="0" total="1" passed="1">
  <reporter-output>
  </reporter-output>
  <suite name="Default suite" duration-ms="83918" started-at="2020-03-04T19:30:36 CST" finished-at="2020-03-04T19:32:00 CST">
    <groups>
    </groups>
    <test name="Default test" duration-ms="83918" started-at="2020-03-04T19:30:36 CST" finished-at="2020-03-04T19:32:00 CST">
      <class name="MyPackage.Setup">
        <test-method status="PASS" signature="beforeClass()[pri:0, instance:MyPackage.Setup@2758fe70]" name="beforeClass" is-config="true" duration-ms="5710" started-at="2020-03-04T19:30:36 CST" finished-at="2020-03-04T19:30:42 CST">
          <reporter-output>
          </reporter-output>
        </test-method> <!-- beforeClass -->
        <test-method status="PASS" signature="exercise2()[pri:0, instance:MyPackage.Setup@2758fe70]" name="exercise2" duration-ms="77591" started-at="2020-03-04T19:30:42 CST" finished-at="2020-03-04T19:32:00 CST">
          <reporter-output>
          </reporter-output>
        </test-method> <!-- exercise2 -->
        <test-method status="PASS" signature="afterClass()[pri:0, instance:MyPackage.Setup@2758fe70]" name="afterClass" is-config="true" duration-ms="590" started-at="2020-03-04T19:32:00 CST" finished-at="2020-03-04T19:32:00 CST">
          <reporter-output>
          </reporter-output>
        </test-method> <!-- afterClass -->
      </class> <!-- MyPackage.Setup -->
    </test> <!-- Default test -->
  </suite> <!-- Default suite -->
</testng-results>
